============================= test session starts =============================
platform win32 -- Python 3.14.3, pytest-9.0.3, pluggy-1.6.0
rootdir: D:\project\douyin搬运
plugins: anyio-4.12.1, asyncio-1.3.0
asyncio: mode=Mode.STRICT, debug=False, asyncio_default_fixture_loop_scope=None, asyncio_default_test_loop_scope=function
collected 37 items

tests\test_config_manager.py ....                                        [ 10%]
tests\test_database.py ....                                              [ 21%]
tests\test_douyin_api.py ...........                                     [ 51%]
tests\test_douyin_fetcher.py ...                                         [ 59%]
tests\test_downloader.py EEEEE                                           [ 72%]
tests\test_resilience.py ....                                            [ 83%]
tests\test_scheduler.py F                                                [ 86%]
tests\test_youtube_uploader.py .....                                     [100%]

=================================== ERRORS ====================================
_ ERROR at setup of TestDownloader.test_download_file_streams_chunks_not_all_at_once _

self = <test_downloader.TestDownloader object at 0x00000195E4048410>
tmp_path = WindowsPath('C:/Users/Administrator/AppData/Local/Temp/pytest-of-Administrator/pytest-12/test_download_file_streams_chu0')

    @pytest.fixture(autouse=True)
    def setup_method(self, tmp_path):
        """Setup test environment before each test."""
        self.downloader = Downloader()
        self.test_dir = tmp_path
    
        # Patch DOWNLOAD_DIR securely to temp folder
>       patcher = patch("modules.downloader.DOWNLOAD_DIR", target=tmp_path)
                  ^^^^^^^^^^^^^^^^^^^^^^^^^^^^^^^^^^^^^^^^^^^^^^^^^^^^^^^^^
E       TypeError: patch() got multiple values for argument 'target'

tests\test_downloader.py:16: TypeError
_ ERROR at setup of TestDownloader.test_download_file_returns_false_on_network_error _

self = <test_downloader.TestDownloader object at 0x00000195E4149310>
tmp_path = WindowsPath('C:/Users/Administrator/AppData/Local/Temp/pytest-of-Administrator/pytest-12/test_download_file_returns_fal0')

    @pytest.fixture(autouse=True)
    def setup_method(self, tmp_path):
        """Setup test environment before each test."""
        self.downloader = Downloader()
        self.test_dir = tmp_path
    
        # Patch DOWNLOAD_DIR securely to temp folder
>       patcher = patch("modules.downloader.DOWNLOAD_DIR", target=tmp_path)
                  ^^^^^^^^^^^^^^^^^^^^^^^^^^^^^^^^^^^^^^^^^^^^^^^^^^^^^^^^^
E       TypeError: patch() got multiple values for argument 'target'

tests\test_downloader.py:16: TypeError
______ ERROR at setup of TestDownloader.test_download_file_aborts_on_403 ______

self = <test_downloader.TestDownloader object at 0x00000195E3FD3820>
tmp_path = WindowsPath('C:/Users/Administrator/AppData/Local/Temp/pytest-of-Administrator/pytest-12/test_download_file_aborts_on_40')

    @pytest.fixture(autouse=True)
    def setup_method(self, tmp_path):
        """Setup test environment before each test."""
        self.downloader = Downloader()
        self.test_dir = tmp_path
    
        # Patch DOWNLOAD_DIR securely to temp folder
>       patcher = patch("modules.downloader.DOWNLOAD_DIR", target=tmp_path)
                  ^^^^^^^^^^^^^^^^^^^^^^^^^^^^^^^^^^^^^^^^^^^^^^^^^^^^^^^^^
E       TypeError: patch() got multiple values for argument 'target'

tests\test_downloader.py:16: TypeError
_ ERROR at setup of TestDownloader.test_download_media_returns_none_on_video_failure _

self = <test_downloader.TestDownloader object at 0x00000195E41583E0>
tmp_path = WindowsPath('C:/Users/Administrator/AppData/Local/Temp/pytest-of-Administrator/pytest-12/test_download_media_returns_no0')

    @pytest.fixture(autouse=True)
    def setup_method(self, tmp_path):
        """Setup test environment before each test."""
        self.downloader = Downloader()
        self.test_dir = tmp_path
    
        # Patch DOWNLOAD_DIR securely to temp folder
>       patcher = patch("modules.downloader.DOWNLOAD_DIR", target=tmp_path)
                  ^^^^^^^^^^^^^^^^^^^^^^^^^^^^^^^^^^^^^^^^^^^^^^^^^^^^^^^^^
E       TypeError: patch() got multiple values for argument 'target'

tests\test_downloader.py:16: TypeError
_ ERROR at setup of TestDownloader.test_download_media_returns_path_dict_on_success _

self = <test_downloader.TestDownloader object at 0x00000195E403B890>
tmp_path = WindowsPath('C:/Users/Administrator/AppData/Local/Temp/pytest-of-Administrator/pytest-12/test_download_media_returns_pa0')

    @pytest.fixture(autouse=True)
    def setup_method(self, tmp_path):
        """Setup test environment before each test."""
        self.downloader = Downloader()
        self.test_dir = tmp_path
    
        # Patch DOWNLOAD_DIR securely to temp folder
>       patcher = patch("modules.downloader.DOWNLOAD_DIR", target=tmp_path)
                  ^^^^^^^^^^^^^^^^^^^^^^^^^^^^^^^^^^^^^^^^^^^^^^^^^^^^^^^^^
E       TypeError: patch() got multiple values for argument 'target'

tests\test_downloader.py:16: TypeError
================================== FAILURES ===================================
__________________________ test_pipeline_async_flow ___________________________

mock_dependencies = {'config': <MagicMock name='config' id='1743319404896'>, 'dao': <MagicMock name='VideoDAO' id='1743319403552'>, 'downl... <MagicMock name='Downloader' id='1743319404224'>, 'fetcher': <MagicMock name='DouyinFetcher' id='1743319403888'>, ...}

    @pytest.mark.asyncio
    async def test_pipeline_async_flow(mock_dependencies):
        # Setup Coordinator
        coordinator = PipelineCoordinator()
    
        # Mock network passing
        coordinator.check_network = MagicMock(return_value=True)
        coordinator.sweeper.check_preflight_space = MagicMock(return_value=True)
    
        # Simulate pending video in DB
        mock_video = MagicMock(spec=VideoRecord)
        mock_video.douyin_id = "test_dy_1"
        mock_video.title = "test_title"
        mock_video.description = "test_desc"
        mock_video.video_url = "test_vid_url"
        mock_video.cover_url = "test_cover_url"
    
        mock_dependencies['dao'].get_pending_videos.return_value = [mock_video]
        mock_dependencies['dao'].get_uploadable_videos.return_value = []
        mock_dependencies['dao'].get_uploaded_today_count.return_value = 0
    
        # Configure downloader response
>       mock_dependencies['downloader'].return_value.download_media = AsyncMock(return_value={
                                                                      ^^^^^^^^^
            'local_video_path': '/mock/vid.mp4',
            'local_cover_path': '/mock/cov.jpg',
            'ocr_text': ''
        })
E       NameError: name 'AsyncMock' is not defined

tests\test_scheduler.py:54: NameError
---------------------------- Captured stderr call -----------------------------
2026-04-21 21:48:54,915 | DouyinSync | WARNING | BarkNotifier: Disabled — missing bark_server/bark_key in config.json
------------------------------ Captured log call ------------------------------
WARNING  DouyinSync:notifier.py:21 BarkNotifier: Disabled — missing bark_server/bark_key in config.json
============================== warnings summary ===============================
utils\decorators.py:102
tests/test_resilience.py::test_circuit_breaker_async_youtube_quota
  D:\project\douyin搬运\utils\decorators.py:102: DeprecationWarning: 'asyncio.iscoroutinefunction' is deprecated and slated for removal in Python 3.16; use inspect.iscoroutinefunction() instead
    if asyncio.iscoroutinefunction(func):

utils\decorators.py:35
tests/test_resilience.py::test_auto_retry_async_success
tests/test_resilience.py::test_auto_retry_async_exhausted
tests/test_resilience.py::test_auto_retry_sync_success
  D:\project\douyin搬运\utils\decorators.py:35: DeprecationWarning: 'asyncio.iscoroutinefunction' is deprecated and slated for removal in Python 3.16; use inspect.iscoroutinefunction() instead
    if asyncio.iscoroutinefunction(func):

-- Docs: https://docs.pytest.org/en/stable/how-to/capture-warnings.html
=========================== short test summary info ===========================
FAILED tests/test_scheduler.py::test_pipeline_async_flow - NameError: name 'A...
ERROR tests/test_downloader.py::TestDownloader::test_download_file_streams_chunks_not_all_at_once
ERROR tests/test_downloader.py::TestDownloader::test_download_file_returns_false_on_network_error
ERROR tests/test_downloader.py::TestDownloader::test_download_file_aborts_on_403
ERROR tests/test_downloader.py::TestDownloader::test_download_media_returns_none_on_video_failure
ERROR tests/test_downloader.py::TestDownloader::test_download_media_returns_path_dict_on_success
============= 1 failed, 31 passed, 6 warnings, 5 errors in 15.09s =============
