============================= test session starts =============================
platform win32 -- Python 3.14.3, pytest-9.0.3, pluggy-1.6.0 -- C:\Python314\python.exe
cachedir: .pytest_cache
rootdir: D:\project\douyin搬运
plugins: anyio-4.12.1, asyncio-1.3.0
asyncio: mode=Mode.STRICT, debug=False, asyncio_default_fixture_loop_scope=None, asyncio_default_test_loop_scope=function
collecting ... collected 6 items

tests/test_downloader.py::TestDownloader::test_download_file_aborts_on_403 FAILED [ 16%]
tests/test_downloader.py::TestDownloader::test_download_file_returns_false_on_network_error FAILED [ 33%]
tests/test_downloader.py::TestDownloader::test_download_file_streams_chunks_not_all_at_once FAILED [ 50%]
tests/test_downloader.py::TestDownloader::test_download_media_returns_none_on_video_failure FAILED [ 66%]
tests/test_downloader.py::TestDownloader::test_download_media_returns_path_dict_on_success FAILED [ 83%]
tests/test_scheduler.py::test_pipeline_async_flow FAILED                 [100%]

================================== FAILURES ===================================
_______________ TestDownloader.test_download_file_aborts_on_403 _______________

self = <test_downloader.TestDownloader testMethod=test_download_file_aborts_on_403>

    def test_download_file_aborts_on_403(self) -> None:
        """403 Forbidden from the CDN must cause immediate abort (CDN link expired)."""
        import requests as req_lib
    
        forbidden_resp = MagicMock()
        forbidden_resp.status_code = 403
        http_error = req_lib.exceptions.HTTPError(response=forbidden_resp)
    
        mock_response = MagicMock()
        mock_response.__enter__ = lambda s: s
        mock_response.__exit__ = MagicMock(return_value=False)
        mock_response.raise_for_status = MagicMock(side_effect=http_error)
        mock_response.status_code = 403
        mock_response.headers = {}
    
        dest = Path(self.test_dir) / "forbidden_video.mp4"
    
>       with patch("modules.downloader.requests.get", return_value=mock_response):
             ^^^^^^^^^^^^^^^^^^^^^^^^^^^^^^^^^^^^^^^^^^^^^^^^^^^^^^^^^^^^^^^^^^^^

tests\test_downloader.py:96: 
_ _ _ _ _ _ _ _ _ _ _ _ _ _ _ _ _ _ _ _ _ _ _ _ _ _ _ _ _ _ _ _ _ _ _ _ _ _ _ _
C:\Python314\Lib\unittest\mock.py:1487: in __enter__
    self.target = self.getter()
                  ^^^^^^^^^^^^^
_ _ _ _ _ _ _ _ _ _ _ _ _ _ _ _ _ _ _ _ _ _ _ _ _ _ _ _ _ _ _ _ _ _ _ _ _ _ _ _

name = 'modules.downloader.requests'

    def resolve_name(name):
        """
        Resolve a name to an object.
    
        It is expected that `name` will be a string in one of the following
        formats, where W is shorthand for a valid Python identifier and dot stands
        for a literal period in these pseudo-regexes:
    
        W(.W)*
        W(.W)*:(W(.W)*)?
    
        The first form is intended for backward compatibility only. It assumes that
        some part of the dotted name is a package, and the rest is an object
        somewhere within that package, possibly nested inside other objects.
        Because the place where the package stops and the object hierarchy starts
        can't be inferred by inspection, repeated attempts to import must be done
        with this form.
    
        In the second form, the caller makes the division point clear through the
        provision of a single colon: the dotted name to the left of the colon is a
        package to be imported, and the dotted name to the right is the object
        hierarchy within that package. Only one import is needed in this form. If
        it ends with the colon, then a module object is returned.
    
        The function will return an object (which might be a module), or raise one
        of the following exceptions:
    
        ValueError - if `name` isn't in a recognised format
        ImportError - if an import failed when it shouldn't have
        AttributeError - if a failure occurred when traversing the object hierarchy
                         within the imported package to get to the desired object.
        """
        global _NAME_PATTERN
        if _NAME_PATTERN is None:
            # Lazy import to speedup Python startup time
            import re
            dotted_words = r'(?!\d)(\w+)(\.(?!\d)(\w+))*'
            _NAME_PATTERN = re.compile(f'^(?P<pkg>{dotted_words})'
                                       f'(?P<cln>:(?P<obj>{dotted_words})?)?$',
                                       re.UNICODE)
    
        m = _NAME_PATTERN.match(name)
        if not m:
            raise ValueError(f'invalid format: {name!r}')
        gd = m.groupdict()
        if gd.get('cln'):
            # there is a colon - a one-step import is all that's needed
            mod = importlib.import_module(gd['pkg'])
            parts = gd.get('obj')
            parts = parts.split('.') if parts else []
        else:
            # no colon - have to iterate to find the package boundary
            parts = name.split('.')
            modname = parts.pop(0)
            # first part *must* be a module/package.
            mod = importlib.import_module(modname)
            while parts:
                p = parts[0]
                s = f'{modname}.{p}'
                try:
                    mod = importlib.import_module(s)
                    parts.pop(0)
                    modname = s
                except ImportError:
                    break
        # if we reach this point, mod is the module, already imported, and
        # parts is the list of parts in the object hierarchy to be traversed, or
        # an empty list if just the module is wanted.
        result = mod
        for p in parts:
>           result = getattr(result, p)
                     ^^^^^^^^^^^^^^^^^^
E           AttributeError: module 'modules.downloader' has no attribute 'requests'

C:\Python314\Lib\pkgutil.py:473: AttributeError
______ TestDownloader.test_download_file_returns_false_on_network_error _______

self = <test_downloader.TestDownloader testMethod=test_download_file_returns_false_on_network_error>

    def test_download_file_returns_false_on_network_error(self) -> None:
        """_download_file must return False and leave no partial file on connection error."""
        import requests
    
        dest = Path(self.test_dir) / "corrupt_video.mp4"
    
>       with patch("modules.downloader.requests.get", side_effect=requests.ConnectionError("timeout")):
             ^^^^^^^^^^^^^^^^^^^^^^^^^^^^^^^^^^^^^^^^^^^^^^^^^^^^^^^^^^^^^^^^^^^^^^^^^^^^^^^^^^^^^^^^^

tests\test_downloader.py:70: 
_ _ _ _ _ _ _ _ _ _ _ _ _ _ _ _ _ _ _ _ _ _ _ _ _ _ _ _ _ _ _ _ _ _ _ _ _ _ _ _
C:\Python314\Lib\unittest\mock.py:1487: in __enter__
    self.target = self.getter()
                  ^^^^^^^^^^^^^
_ _ _ _ _ _ _ _ _ _ _ _ _ _ _ _ _ _ _ _ _ _ _ _ _ _ _ _ _ _ _ _ _ _ _ _ _ _ _ _

name = 'modules.downloader.requests'

    def resolve_name(name):
        """
        Resolve a name to an object.
    
        It is expected that `name` will be a string in one of the following
        formats, where W is shorthand for a valid Python identifier and dot stands
        for a literal period in these pseudo-regexes:
    
        W(.W)*
        W(.W)*:(W(.W)*)?
    
        The first form is intended for backward compatibility only. It assumes that
        some part of the dotted name is a package, and the rest is an object
        somewhere within that package, possibly nested inside other objects.
        Because the place where the package stops and the object hierarchy starts
        can't be inferred by inspection, repeated attempts to import must be done
        with this form.
    
        In the second form, the caller makes the division point clear through the
        provision of a single colon: the dotted name to the left of the colon is a
        package to be imported, and the dotted name to the right is the object
        hierarchy within that package. Only one import is needed in this form. If
        it ends with the colon, then a module object is returned.
    
        The function will return an object (which might be a module), or raise one
        of the following exceptions:
    
        ValueError - if `name` isn't in a recognised format
        ImportError - if an import failed when it shouldn't have
        AttributeError - if a failure occurred when traversing the object hierarchy
                         within the imported package to get to the desired object.
        """
        global _NAME_PATTERN
        if _NAME_PATTERN is None:
            # Lazy import to speedup Python startup time
            import re
            dotted_words = r'(?!\d)(\w+)(\.(?!\d)(\w+))*'
            _NAME_PATTERN = re.compile(f'^(?P<pkg>{dotted_words})'
                                       f'(?P<cln>:(?P<obj>{dotted_words})?)?$',
                                       re.UNICODE)
    
        m = _NAME_PATTERN.match(name)
        if not m:
            raise ValueError(f'invalid format: {name!r}')
        gd = m.groupdict()
        if gd.get('cln'):
            # there is a colon - a one-step import is all that's needed
            mod = importlib.import_module(gd['pkg'])
            parts = gd.get('obj')
            parts = parts.split('.') if parts else []
        else:
            # no colon - have to iterate to find the package boundary
            parts = name.split('.')
            modname = parts.pop(0)
            # first part *must* be a module/package.
            mod = importlib.import_module(modname)
            while parts:
                p = parts[0]
                s = f'{modname}.{p}'
                try:
                    mod = importlib.import_module(s)
                    parts.pop(0)
                    modname = s
                except ImportError:
                    break
        # if we reach this point, mod is the module, already imported, and
        # parts is the list of parts in the object hierarchy to be traversed, or
        # an empty list if just the module is wanted.
        result = mod
        for p in parts:
>           result = getattr(result, p)
                     ^^^^^^^^^^^^^^^^^^
E           AttributeError: module 'modules.downloader' has no attribute 'requests'

C:\Python314\Lib\pkgutil.py:473: AttributeError
______ TestDownloader.test_download_file_streams_chunks_not_all_at_once _______

self = <test_downloader.TestDownloader testMethod=test_download_file_streams_chunks_not_all_at_once>

    def test_download_file_streams_chunks_not_all_at_once(self) -> None:
        """
        _download_file must use iter_content (chunked streaming), never load
        the entire response body into memory in one shot.
        """
        chunk_data = [b"chunk1", b"chunk2", b""]  # sentinel empty bytes marks end
    
        mock_response = MagicMock()
        mock_response.__enter__ = lambda s: s
        mock_response.__exit__ = MagicMock(return_value=False)
        mock_response.raise_for_status = MagicMock()
        mock_response.status_code = 200
        mock_response.headers = {"content-length": "12"}
        mock_response.iter_content = MagicMock(return_value=iter(chunk_data))
    
        dest = Path(self.test_dir) / "test_video.mp4"
    
>       with patch("modules.downloader.requests.get", return_value=mock_response):
             ^^^^^^^^^^^^^^^^^^^^^^^^^^^^^^^^^^^^^^^^^^^^^^^^^^^^^^^^^^^^^^^^^^^^

tests\test_downloader.py:51: 
_ _ _ _ _ _ _ _ _ _ _ _ _ _ _ _ _ _ _ _ _ _ _ _ _ _ _ _ _ _ _ _ _ _ _ _ _ _ _ _
C:\Python314\Lib\unittest\mock.py:1487: in __enter__
    self.target = self.getter()
                  ^^^^^^^^^^^^^
_ _ _ _ _ _ _ _ _ _ _ _ _ _ _ _ _ _ _ _ _ _ _ _ _ _ _ _ _ _ _ _ _ _ _ _ _ _ _ _

name = 'modules.downloader.requests'

    def resolve_name(name):
        """
        Resolve a name to an object.
    
        It is expected that `name` will be a string in one of the following
        formats, where W is shorthand for a valid Python identifier and dot stands
        for a literal period in these pseudo-regexes:
    
        W(.W)*
        W(.W)*:(W(.W)*)?
    
        The first form is intended for backward compatibility only. It assumes that
        some part of the dotted name is a package, and the rest is an object
        somewhere within that package, possibly nested inside other objects.
        Because the place where the package stops and the object hierarchy starts
        can't be inferred by inspection, repeated attempts to import must be done
        with this form.
    
        In the second form, the caller makes the division point clear through the
        provision of a single colon: the dotted name to the left of the colon is a
        package to be imported, and the dotted name to the right is the object
        hierarchy within that package. Only one import is needed in this form. If
        it ends with the colon, then a module object is returned.
    
        The function will return an object (which might be a module), or raise one
        of the following exceptions:
    
        ValueError - if `name` isn't in a recognised format
        ImportError - if an import failed when it shouldn't have
        AttributeError - if a failure occurred when traversing the object hierarchy
                         within the imported package to get to the desired object.
        """
        global _NAME_PATTERN
        if _NAME_PATTERN is None:
            # Lazy import to speedup Python startup time
            import re
            dotted_words = r'(?!\d)(\w+)(\.(?!\d)(\w+))*'
            _NAME_PATTERN = re.compile(f'^(?P<pkg>{dotted_words})'
                                       f'(?P<cln>:(?P<obj>{dotted_words})?)?$',
                                       re.UNICODE)
    
        m = _NAME_PATTERN.match(name)
        if not m:
            raise ValueError(f'invalid format: {name!r}')
        gd = m.groupdict()
        if gd.get('cln'):
            # there is a colon - a one-step import is all that's needed
            mod = importlib.import_module(gd['pkg'])
            parts = gd.get('obj')
            parts = parts.split('.') if parts else []
        else:
            # no colon - have to iterate to find the package boundary
            parts = name.split('.')
            modname = parts.pop(0)
            # first part *must* be a module/package.
            mod = importlib.import_module(modname)
            while parts:
                p = parts[0]
                s = f'{modname}.{p}'
                try:
                    mod = importlib.import_module(s)
                    parts.pop(0)
                    modname = s
                except ImportError:
                    break
        # if we reach this point, mod is the module, already imported, and
        # parts is the list of parts in the object hierarchy to be traversed, or
        # an empty list if just the module is wanted.
        result = mod
        for p in parts:
>           result = getattr(result, p)
                     ^^^^^^^^^^^^^^^^^^
E           AttributeError: module 'modules.downloader' has no attribute 'requests'

C:\Python314\Lib\pkgutil.py:473: AttributeError
______ TestDownloader.test_download_media_returns_none_on_video_failure _______

self = <test_downloader.TestDownloader testMethod=test_download_media_returns_none_on_video_failure>

    def test_download_media_returns_none_on_video_failure(self) -> None:
        """
        If the mp4 download fails, download_media must return None
        and must clean up any partial file.
        """
        with patch.object(self.downloader, "_download_file", return_value=False):
            result = self.downloader.download_media("999", "http://bad/vid.mp4", "")
    
>       self.assertIsNone(result)
E       AssertionError: <coroutine object Downloader.download_media at 0x0000021A0FD0F610> is not None

tests\test_downloader.py:113: AssertionError
_______ TestDownloader.test_download_media_returns_path_dict_on_success _______

self = <test_downloader.TestDownloader testMethod=test_download_media_returns_path_dict_on_success>

    def test_download_media_returns_path_dict_on_success(self) -> None:
        """
        download_media must return a dict with local_video_path and local_cover_path
        when both downloads succeed (cover conversion is tested independently).
        """
        def fake_download(url: str, dest: Path, **kwargs) -> bool:
            dest.parent.mkdir(parents=True, exist_ok=True)
            dest.write_bytes(b"FAKE_CONTENT")
            return True
    
        with patch.object(self.downloader, "_download_file", side_effect=fake_download):
            # Patch Pillow operations so we don't need actual image data
            with patch("modules.downloader.Image") as mock_image:
                mock_img = MagicMock()
                mock_img.convert.return_value = mock_img
                mock_image.open.return_value.__enter__ = lambda s: mock_img
                mock_image.open.return_value.__exit__ = MagicMock(return_value=False)
                mock_image.new.return_value = mock_img
    
                result = self.downloader.download_media(
                    "DY_OK_001",
                    "http://fake/vid.mp4",
                    "http://fake/cover.webp",
                )
    
        self.assertIsNotNone(result)
>       self.assertIn("local_video_path", result)
E       TypeError: argument of type 'coroutine' is not a container or iterable

tests\test_downloader.py:145: TypeError
__________________________ test_pipeline_async_flow ___________________________

mock_dependencies = {'config': <MagicMock name='config' id='2310958995440'>, 'dao': <MagicMock name='VideoDAO' id='2310958994096'>, 'downl... <MagicMock name='Downloader' id='2310958994768'>, 'fetcher': <MagicMock name='DouyinFetcher' id='2310958994432'>, ...}

    @pytest.mark.asyncio
    async def test_pipeline_async_flow(mock_dependencies):
        # Setup Coordinator
        coordinator = PipelineCoordinator()
    
        # Mock network passing
        coordinator.check_network = MagicMock(return_value=True)
        coordinator.sweeper.check_preflight_space = MagicMock(return_value=True)
    
        # Simulate pending video in DB
        mock_video = MagicMock(spec=VideoRecord)
        mock_video.douyin_id = "test_dy_1"
        mock_video.title = "test_title"
        mock_video.description = "test_desc"
        mock_video.video_url = "test_vid_url"
        mock_video.cover_url = "test_cover_url"
    
        mock_dependencies['dao'].get_pending_videos.return_value = [mock_video]
        mock_dependencies['dao'].get_uploadable_videos.return_value = []
        mock_dependencies['dao'].get_uploaded_today_count.return_value = 0
    
        # Configure downloader response
        mock_dependencies['downloader'].return_value.download_media.return_value = {
            'local_video_path': '/mock/vid.mp4',
            'local_cover_path': '/mock/cov.jpg',
            'ocr_text': ''
        }
    
        # Configure config for loop
        mock_dependencies['config'].get.side_effect = lambda k, default=None: {
            "douyin_accounts": [],
            "daily_upload_limit": 10,
            "max_videos_per_run": 1,
            "youtube_proxy": "http://user:pass@router:1234",
            "youtube_api_token": "mocked_oauth_token"
        }.get(k, default)
    
        # Run loop
        await coordinator._run_async_cycle()
    
        # Assert DB got hit for updating status
>       mock_dependencies['dao'].update_status.assert_any_call('test_dy_1', 'downloaded', {'local_video_path': '/mock/vid.mp4', 'local_cover_path': '/mock/cov.jpg'})

tests\test_scheduler.py:72: 
_ _ _ _ _ _ _ _ _ _ _ _ _ _ _ _ _ _ _ _ _ _ _ _ _ _ _ _ _ _ _ _ _ _ _ _ _ _ _ _

self = <MagicMock name='VideoDAO.update_status' id='2310959004512'>
args = ('test_dy_1', 'downloaded', {'local_cover_path': '/mock/cov.jpg', 'local_video_path': '/mock/vid.mp4'})
kwargs = {}
expected = call('test_dy_1', 'downloaded', {'local_video_path': '/mock/vid.mp4', 'local_cover_path': '/mock/cov.jpg'})
cause = None, actual = [call('test_dy_1', 'processing')]
expected_string = "update_status('test_dy_1', 'downloaded', {'local_video_path': '/mock/vid.mp4', 'local_cover_path': '/mock/cov.jpg'})"

    def assert_any_call(self, /, *args, **kwargs):
        """assert the mock has been called with the specified arguments.
    
        The assert passes if the mock has *ever* been called, unlike
        `assert_called_with` and `assert_called_once_with` that only pass if
        the call is the most recent one."""
        expected = self._call_matcher(_Call((args, kwargs), two=True))
        cause = expected if isinstance(expected, Exception) else None
        actual = [self._call_matcher(c) for c in self.call_args_list]
        if cause or expected not in _AnyComparer(actual):
            expected_string = self._format_mock_call_signature(args, kwargs)
>           raise AssertionError(
                '%s call not found' % expected_string
            ) from cause
E           AssertionError: update_status('test_dy_1', 'downloaded', {'local_video_path': '/mock/vid.mp4', 'local_cover_path': '/mock/cov.jpg'}) call not found

C:\Python314\Lib\unittest\mock.py:1056: AssertionError
---------------------------- Captured stderr call -----------------------------
2026-04-21 21:46:10,580 | DouyinSync | WARNING | BarkNotifier: Disabled — missing bark_server/bark_key in config.json
------------------------------ Captured log call ------------------------------
WARNING  DouyinSync:notifier.py:21 BarkNotifier: Disabled — missing bark_server/bark_key in config.json
============================== warnings summary ===============================
utils\decorators.py:102
  D:\project\douyin搬运\utils\decorators.py:102: DeprecationWarning: 'asyncio.iscoroutinefunction' is deprecated and slated for removal in Python 3.16; use inspect.iscoroutinefunction() instead
    if asyncio.iscoroutinefunction(func):

utils\decorators.py:35
  D:\project\douyin搬运\utils\decorators.py:35: DeprecationWarning: 'asyncio.iscoroutinefunction' is deprecated and slated for removal in Python 3.16; use inspect.iscoroutinefunction() instead
    if asyncio.iscoroutinefunction(func):

-- Docs: https://docs.pytest.org/en/stable/how-to/capture-warnings.html
=========================== short test summary info ===========================
FAILED tests/test_downloader.py::TestDownloader::test_download_file_aborts_on_403
FAILED tests/test_downloader.py::TestDownloader::test_download_file_returns_false_on_network_error
FAILED tests/test_downloader.py::TestDownloader::test_download_file_streams_chunks_not_all_at_once
FAILED tests/test_downloader.py::TestDownloader::test_download_media_returns_none_on_video_failure
FAILED tests/test_downloader.py::TestDownloader::test_download_media_returns_path_dict_on_success
FAILED tests/test_scheduler.py::test_pipeline_async_flow - AssertionError: up...
======================== 6 failed, 2 warnings in 1.42s ========================
